<?xml version="1.0" encoding="UTF-8"?>
<!-- Generated by org.testng.reporters.JUnitXMLReporter -->
<testsuite ignored="0" hostname="DESKTOP-0CV5JPI" failures="0" tests="7" name="Default test" time="13.453" errors="0" timestamp="25 Apr 2022 10:48:43 GMT">
  <testcase classname="testcases.ProjectRest" name="deleteMethod" time="2.178"/>
  <testcase classname="testcases.ProjectRest" name="getGenericMethod" time="2.386"/>
  <testcase classname="testcases.ProjectRest" name="postMethod" time="1.269"/>
  <testcase classname="testcases.ProjectRest" name="postMethodWithjsonFile" time="1.254"/>
  <testcase classname="testcases.ProjectRest" name="putMethod" time="1.267"/>
  <testcase classname="testcases.ProjectRest" name="putMethodWithjsonFile" time="1.293"/>
  <testcase classname="testcases.ProjectRest" name="verificationcode404" time="3.784"/>
</testsuite> <!-- Default test -->
